DeleteAllData


### Run time log:
-----------------

exec global INIT section:

exec INIT section of goal __Combat (#3):

exec INIT section of goal __GLOBAL_Dialogs (#7):
0> DB_AnimalFoodVars( "FoodTemplate1" ) [add fact]
0> DB_AnimalFoodVars( "FoodTemplate2" ) [add fact]
0> DB_AnimalFoodVars( "FoodTemplate3" ) [add fact]
0> DB_AnimalFoodVars( "FoodTemplate4" ) [add fact]
0> DB_AnimalFoodVars( "FoodTemplate5" ) [add fact]
0> DB_AnimalFoodVars( "FoodTemplate6" ) [add fact]

exec INIT section of goal __GLOBAL_HiddenWalls (#9):
0> DB_HiddenWallCount( 0 ) [add fact]

exec INIT section of goal __GLOBAL_ItemInteraction (#10):

exec INIT section of goal __GLOBAL_ItemRotationPuzzles (#11):
0> DB_IRP_Internal_IndexCount( 0 ) [add fact]

exec INIT section of goal __Start (#17):
0> Proc_ExclamationMarkCleanup(  ) [Osiris procedure call]

exec INIT section of goal _AAA_FirstGoal (#18):
0> DB_Time( 1, 10, 10 ) [add fact]
0> DB_HalfHour( 20, 20 ) [add fact]
0> DB_GameHour( 300000 ) [add fact]
0> StartTimeOfDayTimerLoop(  ) [Osiris procedure call]

0> RuleActionPart of THEN at line 5601 fires. Rule variables: (INTEGER)300000
1--> TimerLaunch( "TimeOfDay", (INTEGER)300000 ) [DIV call]
0> [end of rule action part]

0> DB_FirstGoal_MoneyDialogVar( 1, "GEN_CheckMagicPocketGold_6057ad05-9492-4630-9f0a-be548b134c54" ) [add fact]
0> DB_FirstGoal_MoneyDialogVar( 2, "GEN_CheckMagicPocketGold_2_463b0f43-5410-412d-aba3-875cf81c38ca" ) [add fact]
0> DB_FirstGoal_MoneyDialogVar( 3, "GEN_CheckMagicPocketGold_3_01f129ea-b4dc-44b6-8154-9a948f876a82" ) [add fact]
0> DB_FirstGoal_MoneyDialogVar( 4, "GEN_CheckMagicPocketGold_4_5dac5eea-faeb-459c-b675-46c51519b784" ) [add fact]
0> DB_FirstGoal_MoneyDialogVar( 5, "GEN_CheckMagicPocketGold_5_8860ed48-ba5f-4b7b-82bf-f1220f967d41" ) [add fact]
0> DB_FirstGoal_CheckPocketGoldSpeakerVar( 1, "GEN_CheckPocketGold_SpeakerIndex_8504b4e0-886e-4912-9525-fbe559c5f8ff" ) [add fact]
0> DB_FirstGoal_CheckPocketGoldSpeakerVar( 2, "GEN_CheckPocketGold_2_SpeakerIndex_a9c4d456-3ef5-491d-a1eb-49f09b91e8b4" ) [add fact]
0> DB_FirstGoal_CheckPocketGoldSpeakerVar( 3, "GEN_CheckPocketGold_3_SpeakerIndex_d7fa1537-77d4-4d7d-a955-7ffda90e6207" ) [add fact]
0> DB_FirstGoal_CheckPocketGoldSpeakerVar( 4, "GEN_CheckPocketGold_4_SpeakerIndex_5c499066-448b-4d0c-8dc9-d1553d04c6d4" ) [add fact]
0> DB_FirstGoal_CheckPocketGoldSpeakerVar( 5, "GEN_CheckPocketGold_5_SpeakerIndex_65757687-b815-43fe-be9c-1cefe82efb60" ) [add fact]

exec INIT section of goal _AdvancedSneakTriggerSpotter (#19):
0> DB_SneakTriggerVars( 1, "SpottedTrigger" ) [add fact]
0> DB_SneakTriggerVars( 2, "SpottedTrigger1" ) [add fact]
0> DB_SneakTriggerVars( 3, "SpottedTrigger2" ) [add fact]
0> DB_SneakTriggerVars( 4, "SpottedTrigger3" ) [add fact]

exec INIT section of goal _Attitude (#20):

exec INIT section of goal _CRIME_ItemOwnership (#23):
0> DB_ItemOwnerShipIgnoreTemplates( "LTS_Campfire_A_6fee7bbb-4adc-4222-a5b1-82fcfb8d1230" ) [add fact]
0> DB_ItemOwnerShipIgnoreTemplates( "LTS_Campfire_B_130692f2-a065-4168-be66-27cf4df2fff0" ) [add fact]
0> DB_ItemOwnerShipIgnoreTemplates( "LTS_Campfire_C_1086cce2-9164-4746-b3c3-2f8c943cb8fc" ) [add fact]
0> DB_ItemOwnerShipIgnoreTemplates( "FUR_Humans_Camping_Sleepingbag_A_d76d0118-23cd-42af-b693-449c96c71d6d" ) [add fact]
0> DB_ItemOwnerShipIgnoreTemplates( "FUR_Humans_Citz_Mattress_A_DarkBrown_eae64571-4e99-4036-b3e2-1dcc6da78c89" ) [add fact]
0> DB_ItemOwnerShipIgnoreTemplates( "LTS_Candle_A_f21393ff-31bc-46ff-a024-985e72cd83f5" ) [add fact]
0> DB_ItemOwnerShipIgnoreTemplates( "LTS_Candle_B_d5e83188-69f5-428f-8bca-64f00b441aef" ) [add fact]
0> DB_ItemOwnerShipIgnoreTemplates( "LTS_Candle_C_b98b4f53-5cf3-46b1-8ecd-278f178a9816" ) [add fact]
0> DB_ItemOwnerShipIgnoreTemplates( "LTS_Candle_D_511c5c17-2ed0-4b2e-a4b5-425621cb61ac" ) [add fact]
0> DB_ItemOwnerShipIgnoreTemplates( "LTS_Candle_E_f497d3af-8837-4183-9bf4-aef2ef1145d1" ) [add fact]
0> DB_ItemOwnerShipIgnoreTemplates( "LTS_Candle_F_0121d78b-8831-4607-9c2f-db63edcdfbb6" ) [add fact]
0> DB_ItemOwnerShipIgnoreTemplates( "LTS_Candle_G_83e373a2-ca7b-4c35-8761-d04605aaabca" ) [add fact]
0> DB_ItemOwnerShipIgnoreTemplates( "LTS_Candle_H_49acf8f4-946e-4f62-a12e-e85d332f3d96" ) [add fact]
0> DB_ItemOwnerShipIgnoreTemplates( "LTS_Candle_I_728b84a6-3929-48eb-9368-631a0614e38d" ) [add fact]
0> DB_ItemOwnerShipIgnoreTemplates( "LTS_Candle_J_b8b63ed1-7c28-4c68-90b2-e83db433467b" ) [add fact]
0> DB_ItemOwnerShipIgnoreTemplates( "LTS_Candle_K_ef4d1dd9-8d2a-4677-98c3-bb9dd52c0865" ) [add fact]
0> DB_ItemOwnerShipIgnoreTemplates( "BOOK_ARX_Letter_B_ShadyTraderAd_cb5bd6ad-ae01-4ba9-bd95-752f9d659316" ) [add fact]

exec INIT section of goal _CRIME_Prison (#24):
0> DB_ArrestDialogFlags( "Assault", "GEB_Arrest_Assault" ) [add fact]
0> DB_ArrestDialogFlags( "SpiritTalk", "GEB_Arrest_Source" ) [add fact]
0> DB_ArrestDialogFlags( "SourceMagic", "GEB_Arrest_Source" ) [add fact]
0> DB_ArrestDialogFlags( "Steal", "GEB_Arrest_Theft" ) [add fact]
0> DB_ArrestDialogFlags( "PickPocketFailed", "GEB_Arrest_Theft" ) [add fact]
0> DB_ArrestDialogFlags( "PickPocket", "GEB_Arrest_Theft" ) [add fact]
0> DB_ArrestDialogFlags( "ItemDestroy", "GEB_Arrest_Vandalise" ) [add fact]
0> DB_ArrestDialogFlags( "Vandalise", "GEB_Arrest_Vandalise" ) [add fact]
0> DB_ArrestDialogFlags( "VandaliseNoOwner", "GEB_Arrest_Vandalise" ) [add fact]
0> DB_ArrestDialogFlags( "Trespassing", "GEB_Arrest_Trespassing" ) [add fact]
0> DB_ArrestDialogFlags( "UseForbiddenItem", "GEB_Arrest_UseForbiddenItem" ) [add fact]
0> DB_ArrestDialogFlags( "SneakUseForbiddenItem", "GEB_Arrest_UseForbiddenItem" ) [add fact]
0> DB_ReactOutOfRegion( "RED PRINCE" ) [add fact]
0> DB_ReactOutOfRegion( "IFAN" ) [add fact]
0> DB_ReactOutOfRegion( "LOHSE" ) [add fact]
0> DB_ReactOutOfRegion( "SEBILLE" ) [add fact]
0> DB_ReactOutOfRegion( "BEAST" ) [add fact]
0> DB_ReactOutOfRegion( "FANE" ) [add fact]
0> DB_ReactOutOfRegion( "AGGRESSIVEANIMAL" ) [add fact]

exec INIT section of goal _Global (#30):

exec INIT section of goal _Global_CharacterAnimations (#32):
0> DB_GLO_CharacterAnimation( "PlayAnim_attack1", "attack1", 0 ) [add fact]
0> DB_GLO_CharacterAnimation( "PlayAnim_attack2", "attack2", 0 ) [add fact]
0> DB_GLO_CharacterAnimation( "PlayAnim_attack3", "attack3", 0 ) [add fact]
0> DB_GLO_CharacterAnimation( "PlayAnim_attack_ground", "attack_ground", 0 ) [add fact]
0> DB_GLO_CharacterAnimation( "PlayAnim_Loop_thrown_loop", "thrown_loop", 1 ) [add fact]
0> DB_GLO_CharacterAnimation( "PlayAnim_thrown_land", "thrown_land", 0 ) [add fact]
0> DB_GLO_CharacterAnimation( "PlayAnim_knockdown_fall", "knockdown_fall", 0 ) [add fact]
0> DB_GLO_CharacterAnimation( "PlayAnim_Loop_knockdown_loop", "knockdown_loop", 1 ) [add fact]
0> DB_GLO_CharacterAnimation( "PlayAnim_knockdown_getup", "knockdown_getup", 0 ) [add fact]
0> DB_GLO_CharacterAnimation( "PlayAnim_barf", "barf", 0 ) [add fact]
0> DB_GLO_CharacterAnimation( "PlayAnim_die_melee", "die_melee", 0 ) [add fact]
0> DB_GLO_CharacterAnimation( "PlayAnim_die_slash", "die_slash", 0 ) [add fact]
0> DB_GLO_CharacterAnimation( "PlayAnim_die_crush", "die_crush", 0 ) [add fact]
0> DB_GLO_CharacterAnimation( "PlayAnim_die_pierce", "die_pierce", 0 ) [add fact]
0> DB_GLO_CharacterAnimation( "PlayAnim_die_arrow", "die_arrow", 0 ) [add fact]
0> DB_GLO_CharacterAnimation( "PlayAnim_die_dot", "die_dot", 0 ) [add fact]
0> DB_GLO_CharacterAnimation( "PlayAnim_die_incinerate", "die_incinerate", 0 ) [add fact]
0> DB_GLO_CharacterAnimation( "PlayAnim_die_acid", "die_acid", 0 ) [add fact]
0> DB_GLO_CharacterAnimation( "PlayAnim_die_electrocution", "die_electrocution", 0 ) [add fact]
0> DB_GLO_CharacterAnimation( "PlayAnim_die_frozenshatter", "die_frozenshatter", 0 ) [add fact]
0> DB_GLO_CharacterAnimation( "PlayAnim_die_hang", "die_hang", 0 ) [add fact]
0> DB_GLO_CharacterAnimation( "PlayAnim_hit", "hit", 0 ) [add fact]
0> DB_GLO_CharacterAnimation( "PlayAnim_hit_backstab", "hit_backstab", 0 ) [add fact]
0> DB_GLO_CharacterAnimation( "PlayAnim_hit_magic", "hit_magic", 0 ) [add fact]
0> DB_GLO_CharacterAnimation( "PlayAnim_block", "block", 0 ) [add fact]
0> DB_GLO_CharacterAnimation( "PlayAnim_dodge", "dodge", 0 ) [add fact]
0> DB_GLO_CharacterAnimation( "PlayAnim_dodge_backstab", "dodge_backstab", 0 ) [add fact]
0> DB_GLO_CharacterAnimation( "PlayAnim_Loop_idle1", "idle1", 1 ) [add fact]
0> DB_GLO_CharacterAnimation( "PlayAnim_Loop_idle2", "idle2", 1 ) [add fact]
0> DB_GLO_CharacterAnimation( "PlayAnim_Loop_idle3", "idle3", 1 ) [add fact]
0> DB_GLO_CharacterAnimation( "PlayAnim_Loop_walk", "walk", 1 ) [add fact]
0> DB_GLO_CharacterAnimation( "PlayAnim_Loop_sneak", "sneak", 1 ) [add fact]
0> DB_GLO_CharacterAnimation( "PlayAnim_Loop_run", "run", 1 ) [add fact]
0> DB_GLO_CharacterAnimation( "PlayAnim_Loop_still", "still", 1 ) [add fact]
0> DB_GLO_CharacterAnimation( "PlayAnim_Loop_stillsneaking", "stillsneaking", 1 ) [add fact]
0> DB_GLO_CharacterAnimation( "PlayAnim_Loop_stilldiseased", "stilldiseased", 1 ) [add fact]
0> DB_GLO_CharacterAnimation( "PlayAnim_Loop_stillchilled", "stillchilled", 1 ) [add fact]
0> DB_GLO_CharacterAnimation( "PlayAnim_Loop_stillcrippled", "stillcrippled", 1 ) [add fact]
0> DB_GLO_CharacterAnimation( "PlayAnim_Loop_stillblind", "stillblind", 1 ) [add fact]
0> DB_GLO_CharacterAnimation( "PlayAnim_Loop_stilldrunk", "stilldrunk", 1 ) [add fact]
0> DB_GLO_CharacterAnimation( "PlayAnim_Loop_stillelectrified", "stillelectrified", 1 ) [add fact]
0> DB_GLO_CharacterAnimation( "PlayAnim_Loop_walk_wings", "walk_wings", 1 ) [add fact]
0> DB_GLO_CharacterAnimation( "PlayAnim_Loop_run_wings", "run_wings", 1 ) [add fact]
0> DB_GLO_CharacterAnimation( "PlayAnim_Loop_still_wings", "still_wings", 1 ) [add fact]
0> DB_GLO_CharacterAnimation( "PlayAnim_Loop_stillmental", "stillmental", 1 ) [add fact]
0> DB_GLO_CharacterAnimation( "PlayAnim_Loop_cower", "cower", 1 ) [add fact]
0> DB_GLO_CharacterAnimation( "PlayAnim_spawn", "spawn", 0 ) [add fact]
0> DB_GLO_CharacterAnimation( "PlayAnim_polymorphed", "polymorphed", 0 ) [add fact]
0> DB_GLO_CharacterAnimation( "PlayAnim_resurrect", "resurrect", 0 ) [add fact]
0> DB_GLO_CharacterAnimation( "PlayAnim_use_inspect", "use_inspect", 0 ) [add fact]
0> DB_GLO_CharacterAnimation( "PlayAnim_use_activate", "use_activate", 0 ) [add fact]
0> DB_GLO_CharacterAnimation( "PlayAnim_use_loot", "use_loot", 0 ) [add fact]
0> DB_GLO_CharacterAnimation( "PlayAnim_use_eat", "use_eat", 0 ) [add fact]
0> DB_GLO_CharacterAnimation( "PlayAnim_use_drink", "use_drink", 0 ) [add fact]
0> DB_GLO_CharacterAnimation( "PlayAnim_use_craft", "use_craft", 0 ) [add fact]
0> DB_GLO_CharacterAnimation( "PlayAnim_use_dig", "use_dig", 0 ) [add fact]
0> DB_GLO_CharacterAnimation( "PlayAnim_skill_stance_start", "skill_stance_start", 0 ) [add fact]
0> DB_GLO_CharacterAnimation( "PlayAnim_Loop_skill_stance_loop", "skill_stance_loop", 1 ) [add fact]
0> DB_GLO_CharacterAnimation( "PlayAnim_skill_stance_cast", "skill_stance_cast", 0 ) [add fact]
0> DB_GLO_CharacterAnimation( "PlayAnim_skill_prepare_weapon_01_start", "skill_prepare_weapon_01_start", 0 ) [add fact]
0> DB_GLO_CharacterAnimation( "PlayAnim_Loop_skill_prepare_weapon_01_loop", "skill_prepare_weapon_01_loop", 1 ) [add fact]
0> DB_GLO_CharacterAnimation( "PlayAnim_skill_attack_flurry_01_cast", "skill_attack_flurry_01_cast", 0 ) [add fact]
0> DB_GLO_CharacterAnimation( "PlayAnim_skill_attack_precision_01_cast", "skill_attack_precision_01_cast", 0 ) [add fact]
0> DB_GLO_CharacterAnimation( "PlayAnim_skill_attack_power_01_cast", "skill_attack_power_01_cast", 0 ) [add fact]
0> DB_GLO_CharacterAnimation( "PlayAnim_skill_attack_round_01_cast", "skill_attack_round_01_cast", 0 ) [add fact]
0> DB_GLO_CharacterAnimation( "PlayAnim_skill_attack_multi_01_cast", "skill_attack_multi_01_cast", 0 ) [add fact]
0> DB_GLO_CharacterAnimation( "PlayAnim_skill_attack_multi_02_cast", "skill_attack_multi_02_cast", 0 ) [add fact]
0> DB_GLO_CharacterAnimation( "PlayAnim_skill_attack_aoe_01_cast", "skill_attack_aoe_01_cast", 0 ) [add fact]
0> DB_GLO_CharacterAnimation( "PlayAnim_skill_attack_offhand_01_cast", "skill_attack_offhand_01_cast", 0 ) [add fact]
0> DB_GLO_CharacterAnimation( "PlayAnim_skill_attack_stance_01_cast", "skill_attack_stance_01_cast", 0 ) [add fact]
0> DB_GLO_CharacterAnimation( "PlayAnim_skill_attack_projectile_01_cast", "skill_attack_projectile_01_cast", 0 ) [add fact]
0> DB_GLO_CharacterAnimation( "PlayAnim_skill_attack_projectile_02_cast", "skill_attack_projectile_02_cast", 0 ) [add fact]
0> DB_GLO_CharacterAnimation( "PlayAnim_skill_arrow_start", "skill_arrow_start", 0 ) [add fact]
0> DB_GLO_CharacterAnimation( "PlayAnim_Loop_skill_arrow_loop", "skill_arrow_loop", 1 ) [add fact]
0> DB_GLO_CharacterAnimation( "PlayAnim_skill_arrow_cast", "skill_arrow_cast", 0 ) [add fact]
0> DB_GLO_CharacterAnimation( "PlayAnim_skill_rainofarrows_start", "skill_rainofarrows_start", 0 ) [add fact]
0> DB_GLO_CharacterAnimation( "PlayAnim_Loop_skill_rainofarrows_loop", "skill_rainofarrows_loop", 1 ) [add fact]
0> DB_GLO_CharacterAnimation( "PlayAnim_skill_rainofarrows_cast", "skill_rainofarrows_cast", 0 ) [add fact]
0> DB_GLO_CharacterAnimation( "PlayAnim_skill_splittingarrows_start", "skill_splittingarrows_start", 0 ) [add fact]
0> DB_GLO_CharacterAnimation( "PlayAnim_Loop_skill_splittingarrows_loop", "skill_splittingarrows_loop", 1 ) [add fact]
0> DB_GLO_CharacterAnimation( "PlayAnim_skill_splittingarrows_cast", "skill_splittingarrows_cast", 0 ) [add fact]
0> DB_GLO_CharacterAnimation( "PlayAnim_skill_multishot_lvl1_cast", "skill_multishot_lvl1_cast", 0 ) [add fact]
0> DB_GLO_CharacterAnimation( "PlayAnim_skill_multishot_lvl2_cast", "skill_multishot_lvl2_cast", 0 ) [add fact]
0> DB_GLO_CharacterAnimation( "PlayAnim_skill_multishot_lvl3_cast", "skill_multishot_lvl3_cast", 0 ) [add fact]
0> DB_GLO_CharacterAnimation( "PlayAnim_skill_multishot_lvl4_cast", "skill_multishot_lvl4_cast", 0 ) [add fact]
0> DB_GLO_CharacterAnimation( "PlayAnim_skill_multishot_lvl5_cast", "skill_multishot_lvl5_cast", 0 ) [add fact]
0> DB_GLO_CharacterAnimation( "PlayAnim_skill_multishot_lvl6_cast", "skill_multishot_lvl6_cast", 0 ) [add fact]
0> DB_GLO_CharacterAnimation( "PlayAnim_skill_multishot_lvl7_cast", "skill_multishot_lvl7_cast", 0 ) [add fact]
0> DB_GLO_CharacterAnimation( "PlayAnim_skill_multishot_lvl8_cast", "skill_multishot_lvl8_cast", 0 ) [add fact]
0> DB_GLO_CharacterAnimation( "PlayAnim_skill_multishot_lvl9_cast", "skill_multishot_lvl9_cast", 0 ) [add fact]
0> DB_GLO_CharacterAnimation( "PlayAnim_skill_multishot_lvl10_cast", "skill_multishot_lvl10_cast", 0 ) [add fact]
0> DB_GLO_CharacterAnimation( "PlayAnim_skill_flurry_start", "skill_flurry_start", 0 ) [add fact]
0> DB_GLO_CharacterAnimation( "PlayAnim_Loop_skill_flurry_loop", "skill_flurry_loop", 1 ) [add fact]
0> DB_GLO_CharacterAnimation( "PlayAnim_skill_flurry_cast", "skill_flurry_cast", 0 ) [add fact]
0> DB_GLO_CharacterAnimation( "PlayAnim_skill_powerattack_start", "skill_powerattack_start", 0 ) [add fact]
0> DB_GLO_CharacterAnimation( "PlayAnim_Loop_skill_powerattack_loop", "skill_powerattack_loop", 1 ) [add fact]
0> DB_GLO_CharacterAnimation( "PlayAnim_skill_powerattack_cast", "skill_powerattack_cast", 0 ) [add fact]
0> DB_GLO_CharacterAnimation( "PlayAnim_skill_whirlwind_start", "skill_whirlwind_start", 0 ) [add fact]
0> DB_GLO_CharacterAnimation( "PlayAnim_Loop_skill_whirlwind_loop", "skill_whirlwind_loop", 1 ) [add fact]
0> DB_GLO_CharacterAnimation( "PlayAnim_skill_whirlwind_cast", "skill_whirlwind_cast", 0 ) [add fact]
0> DB_GLO_CharacterAnimation( "PlayAnim_skill_fatality_start", "skill_fatality_start", 0 ) [add fact]
0> DB_GLO_CharacterAnimation( "PlayAnim_Loop_skill_fatality_loop", "skill_fatality_loop", 1 ) [add fact]
0> DB_GLO_CharacterAnimation( "PlayAnim_skill_fatality_cast", "skill_fatality_cast", 0 ) [add fact]
0> DB_GLO_CharacterAnimation( "PlayAnim_skill_shadowstrike_start", "skill_shadowstrike_start", 0 ) [add fact]
0> DB_GLO_CharacterAnimation( "PlayAnim_Loop_skill_shadowstrike_loop", "skill_shadowstrike_loop", 1 ) [add fact]
0> DB_GLO_CharacterAnimation( "PlayAnim_skill_shadowstrike_cast", "skill_shadowstrike_cast", 0 ) [add fact]
0> DB_GLO_CharacterAnimation( "PlayAnim_skill_lacerate_start", "skill_lacerate_start", 0 ) [add fact]
0> DB_GLO_CharacterAnimation( "PlayAnim_Loop_skill_lacerate_loop", "skill_lacerate_loop", 1 ) [add fact]
0> DB_GLO_CharacterAnimation( "PlayAnim_skill_lacerate_cast", "skill_lacerate_cast", 0 ) [add fact]
0> DB_GLO_CharacterAnimation( "PlayAnim_emotion_normal", "emotion_normal", 0 ) [add fact]
0> DB_GLO_CharacterAnimation( "PlayAnim_Loop_emotion_normal_looping1", "emotion_normal_looping1", 1 ) [add fact]
0> DB_GLO_CharacterAnimation( "PlayAnim_Loop_emotion_normal_looping2", "emotion_normal_looping2", 1 ) [add fact]
0> DB_GLO_CharacterAnimation( "PlayAnim_Loop_emotion_normal_looping3", "emotion_normal_looping3", 1 ) [add fact]
0> DB_GLO_CharacterAnimation( "PlayAnim_emotion_angry", "emotion_angry", 0 ) [add fact]
0> DB_GLO_CharacterAnimation( "PlayAnim_Loop_emotion_angry_looping1", "emotion_angry_looping1", 1 ) [add fact]
0> DB_GLO_CharacterAnimation( "PlayAnim_Loop_emotion_angry_looping2", "emotion_angry_looping2", 1 ) [add fact]
0> DB_GLO_CharacterAnimation( "PlayAnim_Loop_emotion_angry_looping3", "emotion_angry_looping3", 1 ) [add fact]
0> DB_GLO_CharacterAnimation( "PlayAnim_emotion_boasting_bragging", "emotion_boasting_bragging", 0 ) [add fact]
0> DB_GLO_CharacterAnimation( "PlayAnim_Loop_emotion_boasting_bragging_looping1", "emotion_boasting_bragging_looping1", 1 ) [add fact]
0> DB_GLO_CharacterAnimation( "PlayAnim_Loop_emotion_boasting_bragging_looping2", "emotion_boasting_bragging_looping2", 1 ) [add fact]
0> DB_GLO_CharacterAnimation( "PlayAnim_Loop_emotion_boasting_bragging_looping3", "emotion_boasting_bragging_looping3", 1 ) [add fact]
0> DB_GLO_CharacterAnimation( "PlayAnim_emotion_clueless", "emotion_clueless", 0 ) [add fact]
0> DB_GLO_CharacterAnimation( "PlayAnim_Loop_emotion_clueless_looping1", "emotion_clueless_looping1", 1 ) [add fact]
0> DB_GLO_CharacterAnimation( "PlayAnim_Loop_emotion_clueless_looping2", "emotion_clueless_looping2", 1 ) [add fact]
0> DB_GLO_CharacterAnimation( "PlayAnim_Loop_emotion_clueless_looping3", "emotion_clueless_looping3", 1 ) [add fact]
0> DB_GLO_CharacterAnimation( "PlayAnim_emotion_cower_scared", "emotion_cower_scared", 0 ) [add fact]
0> DB_GLO_CharacterAnimation( "PlayAnim_Loop_emotion_cower_scared_looping1", "emotion_cower_scared_looping1", 1 ) [add fact]
0> DB_GLO_CharacterAnimation( "PlayAnim_Loop_emotion_cower_scared_looping2", "emotion_cower_scared_looping2", 1 ) [add fact]
0> DB_GLO_CharacterAnimation( "PlayAnim_Loop_emotion_cower_scared_looping3", "emotion_cower_scared_looping3", 1 ) [add fact]
0> DB_GLO_CharacterAnimation( "PlayAnim_emotion_greeting", "emotion_greeting", 0 ) [add fact]
0> DB_GLO_CharacterAnimation( "PlayAnim_Loop_emotion_greeting_looping1", "emotion_greeting_looping1", 1 ) [add fact]
0> DB_GLO_CharacterAnimation( "PlayAnim_Loop_emotion_greeting_looping2", "emotion_greeting_looping2", 1 ) [add fact]
0> DB_GLO_CharacterAnimation( "PlayAnim_Loop_emotion_greeting_looping3", "emotion_greeting_looping3", 1 ) [add fact]
0> DB_GLO_CharacterAnimation( "PlayAnim_emotion_happy_cheerful", "emotion_happy_cheerful", 0 ) [add fact]
0> DB_GLO_CharacterAnimation( "PlayAnim_Loop_emotion_happy_cheerful_looping1", "emotion_happy_cheerful_looping1", 1 ) [add fact]
0> DB_GLO_CharacterAnimation( "PlayAnim_Loop_emotion_happy_cheerful_looping2", "emotion_happy_cheerful_looping2", 1 ) [add fact]
0> DB_GLO_CharacterAnimation( "PlayAnim_Loop_emotion_happy_cheerful_looping3", "emotion_happy_cheerful_looping3", 1 ) [add fact]
0> DB_GLO_CharacterAnimation( "PlayAnim_emotion_ignore_dismiss", "emotion_ignore_dismiss", 0 ) [add fact]
0> DB_GLO_CharacterAnimation( "PlayAnim_Loop_emotion_ignore_dismiss_looping1", "emotion_ignore_dismiss_looping1", 1 ) [add fact]
0> DB_GLO_CharacterAnimation( "PlayAnim_Loop_emotion_ignore_dismiss_looping2", "emotion_ignore_dismiss_looping2", 1 ) [add fact]
0> DB_GLO_CharacterAnimation( "PlayAnim_Loop_emotion_ignore_dismiss_looping3", "emotion_ignore_dismiss_looping3", 1 ) [add fact]
0> DB_GLO_CharacterAnimation( "PlayAnim_emotion_panic_distress", "emotion_panic_distress", 0 ) [add fact]
0> DB_GLO_CharacterAnimation( "PlayAnim_Loop_emotion_panic_distress_looping1", "emotion_panic_distress_looping1", 1 ) [add fact]
0> DB_GLO_CharacterAnimation( "PlayAnim_Loop_emotion_panic_distress_looping2", "emotion_panic_distress_looping2", 1 ) [add fact]
0> DB_GLO_CharacterAnimation( "PlayAnim_Loop_emotion_panic_distress_looping3", "emotion_panic_distress_looping3", 1 ) [add fact]
0> DB_GLO_CharacterAnimation( "PlayAnim_emotion_insulting", "emotion_insulting", 0 ) [add fact]
0> DB_GLO_CharacterAnimation( "PlayAnim_Loop_emotion_insulting_looping1", "emotion_insulting_looping1", 1 ) [add fact]
0> DB_GLO_CharacterAnimation( "PlayAnim_Loop_emotion_insulting_looping2", "emotion_insulting_looping2", 1 ) [add fact]
0> DB_GLO_CharacterAnimation( "PlayAnim_Loop_emotion_insulting_looping3", "emotion_insulting_looping3", 1 ) [add fact]
0> DB_GLO_CharacterAnimation( "PlayAnim_emotion_sad", "emotion_sad", 0 ) [add fact]
0> DB_GLO_CharacterAnimation( "PlayAnim_Loop_emotion_sad_looping1", "emotion_sad_looping1", 1 ) [add fact]
0> DB_GLO_CharacterAnimation( "PlayAnim_Loop_emotion_sad_looping2", "emotion_sad_looping2", 1 ) [add fact]
0> DB_GLO_CharacterAnimation( "PlayAnim_Loop_emotion_sad_looping3", "emotion_sad_looping3", 1 ) [add fact]
0> DB_GLO_CharacterAnimation( "PlayAnim_emotion_thankful", "emotion_thankful", 0 ) [add fact]
0> DB_GLO_CharacterAnimation( "PlayAnim_Loop_emotion_thankful_looping1", "emotion_thankful_looping1", 1 ) [add fact]
0> DB_GLO_CharacterAnimation( "PlayAnim_Loop_emotion_thankful_looping2", "emotion_thankful_looping2", 1 ) [add fact]
0> DB_GLO_CharacterAnimation( "PlayAnim_Loop_emotion_thankful_looping3", "emotion_thankful_looping3", 1 ) [add fact]
0> DB_GLO_CharacterAnimation( "PlayAnim_emotion_sly_scheming", "emotion_sly_scheming", 0 ) [add fact]
0> DB_GLO_CharacterAnimation( "PlayAnim_Loop_emotion_sly_scheming_looping1", "emotion_sly_scheming_looping1", 1 ) [add fact]
0> DB_GLO_CharacterAnimation( "PlayAnim_Loop_emotion_sly_scheming_looping2", "emotion_sly_scheming_looping2", 1 ) [add fact]
0> DB_GLO_CharacterAnimation( "PlayAnim_Loop_emotion_sly_scheming_looping3", "emotion_sly_scheming_looping3", 1 ) [add fact]
0> DB_GLO_CharacterAnimation( "PlayAnim_emotion_sarcasm_haughty", "emotion_sarcasm_haughty", 0 ) [add fact]
0> DB_GLO_CharacterAnimation( "PlayAnim_Loop_emotion_sarcasm_haughty_looping1", "emotion_sarcasm_haughty_looping1", 1 ) [add fact]
0> DB_GLO_CharacterAnimation( "PlayAnim_Loop_emotion_sarcasm_haughty_looping2", "emotion_sarcasm_haughty_looping2", 1 ) [add fact]
0> DB_GLO_CharacterAnimation( "PlayAnim_Loop_emotion_sarcasm_haughty_looping3", "emotion_sarcasm_haughty_looping3", 1 ) [add fact]
0> DB_GLO_CharacterAnimation( "PlayAnim_emotion_flirt", "emotion_flirt", 0 ) [add fact]
0> DB_GLO_CharacterAnimation( "PlayAnim_Loop_emotion_flirt_looping1", "emotion_flirt_looping1", 1 ) [add fact]
0> DB_GLO_CharacterAnimation( "PlayAnim_Loop_emotion_flirt_looping2", "emotion_flirt_looping2", 1 ) [add fact]
0> DB_GLO_CharacterAnimation( "PlayAnim_Loop_emotion_flirt_looping3", "emotion_flirt_looping3", 1 ) [add fact]
0> DB_GLO_CharacterAnimation( "PlayAnim_climb_UpAttach", "climb_UpAttach", 0 ) [add fact]
0> DB_GLO_CharacterAnimation( "PlayAnim_Loop_climb_Up", "climb_Up", 1 ) [add fact]
0> DB_GLO_CharacterAnimation( "PlayAnim_climb_UpDetach", "climb_UpDetach", 0 ) [add fact]
0> DB_GLO_CharacterAnimation( "PlayAnim_climb_DownAttach", "climb_DownAttach", 0 ) [add fact]
0> DB_GLO_CharacterAnimation( "PlayAnim_Loop_climb_Down", "climb_Down", 1 ) [add fact]
0> DB_GLO_CharacterAnimation( "PlayAnim_climb_DownDetach", "climb_DownDetach", 0 ) [add fact]
0> DB_GLO_CharacterAnimation( "PlayAnim_cast_target_start", "cast_target_start", 0 ) [add fact]
0> DB_GLO_CharacterAnimation( "PlayAnim_Loop_cast_target_loop", "cast_target_loop", 1 ) [add fact]
0> DB_GLO_CharacterAnimation( "PlayAnim_cast_target_cast", "cast_target_cast", 0 ) [add fact]
0> DB_GLO_CharacterAnimation( "PlayAnim_cast_shout_start", "cast_shout_start", 0 ) [add fact]
0> DB_GLO_CharacterAnimation( "PlayAnim_Loop_cast_shout_loop", "cast_shout_loop", 1 ) [add fact]
0> DB_GLO_CharacterAnimation( "PlayAnim_Activate_01", "Activate_01", 0 ) [add fact]
0> DB_GLO_CharacterAnimation( "PlayAnim_Annoyed_01", "Annoyed_01", 0 ) [add fact]
0> DB_GLO_CharacterAnimation( "PlayAnim_Attention_01", "Attention_01", 0 ) [add fact]
0> DB_GLO_CharacterAnimation( "PlayAnim_Attention_02", "Attention_02", 0 ) [add fact]
0> DB_GLO_CharacterAnimation( "PlayAnim_Attention_03", "Attention_03", 0 ) [add fact]
0> DB_GLO_CharacterAnimation( "PlayAnim_Attentive_01", "Attentive_01", 0 ) [add fact]
0> DB_GLO_CharacterAnimation( "PlayAnim_Beg_01", "Beg_01", 0 ) [add fact]
0> DB_GLO_CharacterAnimation( "PlayAnim_BehindBars_01", "BehindBars_01", 0 ) [add fact]
0> DB_GLO_CharacterAnimation( "PlayAnim_BehindBars_02", "BehindBars_02", 0 ) [add fact]
0> DB_GLO_CharacterAnimation( "PlayAnim_Bellringer_01", "Bellringer_01", 0 ) [add fact]
0> DB_GLO_CharacterAnimation( "PlayAnim_Blacksmith_01", "Blacksmith_01", 0 ) [add fact]
0> DB_GLO_CharacterAnimation( "PlayAnim_Blacksmith_02", "Blacksmith_02", 0 ) [add fact]
0> DB_GLO_CharacterAnimation( "PlayAnim_Bored_01", "Bored_01", 0 ) [add fact]
0> DB_GLO_CharacterAnimation( "PlayAnim_Bored_02", "Bored_02", 0 ) [add fact]
0> DB_GLO_CharacterAnimation( "PlayAnim_Bored_03", "Bored_03", 0 ) [add fact]
0> DB_GLO_CharacterAnimation( "PlayAnim_Bow_01", "Bow_01", 0 ) [add fact]
0> DB_GLO_CharacterAnimation( "PlayAnim_Bow_02", "Bow_02", 0 ) [add fact]
0> DB_GLO_CharacterAnimation( "PlayAnim_Bow_03", "Bow_03", 0 ) [add fact]
0> DB_GLO_CharacterAnimation( "PlayAnim_Bow_04", "Bow_04", 0 ) [add fact]
0> DB_GLO_CharacterAnimation( "PlayAnim_Bow_05", "Bow_05", 0 ) [add fact]
0> DB_GLO_CharacterAnimation( "PlayAnim_Cast_Ritual_01", "Cast_Ritual_01", 0 ) [add fact]
0> DB_GLO_CharacterAnimation( "PlayAnim_Check_Neck_01", "Check_Neck_01", 0 ) [add fact]
0> DB_GLO_CharacterAnimation( "PlayAnim_Cheer_01", "Cheer_01", 0 ) [add fact]
0> DB_GLO_CharacterAnimation( "PlayAnim_Cheer_02", "Cheer_02", 0 ) [add fact]
0> DB_GLO_CharacterAnimation( "PlayAnim_Cheer_03", "Cheer_03", 0 ) [add fact]
0> DB_GLO_CharacterAnimation( "PlayAnim_Chicken_01", "Chicken_01", 0 ) [add fact]
0> DB_GLO_CharacterAnimation( "PlayAnim_Chicken_02", "Chicken_02", 0 ) [add fact]
0> DB_GLO_CharacterAnimation( "PlayAnim_Chicken_03", "Chicken_03", 0 ) [add fact]
0> DB_GLO_CharacterAnimation( "PlayAnim_Chicken_Idle_01", "Chicken_Idle_01", 0 ) [add fact]
0> DB_GLO_CharacterAnimation( "PlayAnim_Chuckle_01", "Chuckle_01", 0 ) [add fact]
0> DB_GLO_CharacterAnimation( "PlayAnim_Chuckle_02", "Chuckle_02", 0 ) [add fact]
0> DB_GLO_CharacterAnimation( "PlayAnim_Clap_01", "Clap_01", 0 ) [add fact]
0> DB_GLO_CharacterAnimation( "PlayAnim_Clap_02", "Clap_02", 0 ) [add fact]
0> DB_GLO_CharacterAnimation( "PlayAnim_Clap_03", "Clap_03", 0 ) [add fact]
0> DB_GLO_CharacterAnimation( "PlayAnim_Clap_04", "Clap_04", 0 ) [add fact]
0> DB_GLO_CharacterAnimation( "PlayAnim_Clean_Floor_01", "Clean_Floor_01", 0 ) [add fact]
0> DB_GLO_CharacterAnimation( "PlayAnim_Clean_Floor_02", "Clean_Floor_02", 0 ) [add fact]
0> DB_GLO_CharacterAnimation( "PlayAnim_Cooking_01", "Cooking_01", 0 ) [add fact]
0> DB_GLO_CharacterAnimation( "PlayAnim_Cower_01", "Cower_01", 0 ) [add fact]
0> DB_GLO_CharacterAnimation( "PlayAnim_Cower_02", "Cower_02", 0 ) [add fact]
0> DB_GLO_CharacterAnimation( "PlayAnim_Crying_01", "Crying_01", 0 ) [add fact]
0> DB_GLO_CharacterAnimation( "PlayAnim_Curtsey_01", "Curtsey_01", 0 ) [add fact]
0> DB_GLO_CharacterAnimation( "PlayAnim_Dance_01", "Dance_01", 0 ) [add fact]
0> DB_GLO_CharacterAnimation( "PlayAnim_Depressed_01", "Depressed_01", 0 ) [add fact]
0> DB_GLO_CharacterAnimation( "PlayAnim_Dust_Off_01", "Dust_Off_01", 0 ) [add fact]
0> DB_GLO_CharacterAnimation( "PlayAnim_Fidget_Book_01", "Fidget_Book_01", 0 ) [add fact]
0> DB_GLO_CharacterAnimation( "PlayAnim_Fidget_Forward_01", "Fidget_Forward_01", 0 ) [add fact]
0> DB_GLO_CharacterAnimation( "PlayAnim_Fidget_Forward_02", "Fidget_Forward_02", 0 ) [add fact]
0> DB_GLO_CharacterAnimation( "PlayAnim_Fidget_High_01", "Fidget_High_01", 0 ) [add fact]
0> DB_GLO_CharacterAnimation( "PlayAnim_Fidget_High_02", "Fidget_High_02", 0 ) [add fact]
0> DB_GLO_CharacterAnimation( "PlayAnim_Fidget_Low_01", "Fidget_Low_01", 0 ) [add fact]
0> DB_GLO_CharacterAnimation( "PlayAnim_Fidget_Low_02", "Fidget_Low_02", 0 ) [add fact]
0> DB_GLO_CharacterAnimation( "PlayAnim_Fidget_Low_03", "Fidget_Low_03", 0 ) [add fact]
0> DB_GLO_CharacterAnimation( "PlayAnim_Flex_01", "Flex_01", 0 ) [add fact]
0> DB_GLO_CharacterAnimation( "PlayAnim_Flirt_01", "Flirt_01", 0 ) [add fact]
0> DB_GLO_CharacterAnimation( "PlayAnim_Fumble_01", "Fumble_01", 0 ) [add fact]
0> DB_GLO_CharacterAnimation( "PlayAnim_Halt_01", "Halt_01", 0 ) [add fact]
0> DB_GLO_CharacterAnimation( "PlayAnim_Ignore_01", "Ignore_01", 0 ) [add fact]
0> DB_GLO_CharacterAnimation( "PlayAnim_Intimidate_01", "Intimidate_01", 0 ) [add fact]
0> DB_GLO_CharacterAnimation( "PlayAnim_Intimidate_02", "Intimidate_02", 0 ) [add fact]
0> DB_GLO_CharacterAnimation( "PlayAnim_Kneel_01", "Kneel_01", 0 ) [add fact]
0> DB_GLO_CharacterAnimation( "PlayAnim_Kneel_02", "Kneel_02", 0 ) [add fact]
0> DB_GLO_CharacterAnimation( "PlayAnim_Laugh_01", "Laugh_01", 0 ) [add fact]
0> DB_GLO_CharacterAnimation( "PlayAnim_Laugh_02", "Laugh_02", 0 ) [add fact]
0> DB_GLO_CharacterAnimation( "PlayAnim_Listen_01", "Listen_01", 0 ) [add fact]
0> DB_GLO_CharacterAnimation( "PlayAnim_LoadingCart_01", "LoadingCart_01", 0 ) [add fact]
0> DB_GLO_CharacterAnimation( "PlayAnim_Look_Down_Long_01", "Look_Down_Long_01", 0 ) [add fact]
0> DB_GLO_CharacterAnimation( "PlayAnim_Look_Down_Short_01", "Look_Down_Short_01", 0 ) [add fact]
0> DB_GLO_CharacterAnimation( "PlayAnim_Look_Left_Long_01", "Look_Left_Long_01", 0 ) [add fact]
0> DB_GLO_CharacterAnimation( "PlayAnim_Look_Left_Short_01", "Look_Left_Short_01", 0 ) [add fact]
0> DB_GLO_CharacterAnimation( "PlayAnim_Look_Right_Long_01", "Look_Right_Long_01", 0 ) [add fact]
0> DB_GLO_CharacterAnimation( "PlayAnim_Look_Right_Short_01", "Look_Right_Short_01", 0 ) [add fact]
0> DB_GLO_CharacterAnimation( "PlayAnim_Look_Up_Long_01", "Look_Up_Long_01", 0 ) [add fact]
0> DB_GLO_CharacterAnimation( "PlayAnim_Look_Up_Short_01", "Look_Up_Short_01", 0 ) [add fact]
0> DB_GLO_CharacterAnimation( "PlayAnim_Look_Up_Short_02", "Look_Up_Short_02", 0 ) [add fact]
0> DB_GLO_CharacterAnimation( "PlayAnim_Mindcontrol_01", "Mindcontrol_01", 0 ) [add fact]
0> DB_GLO_CharacterAnimation( "PlayAnim_Mine_01", "Mine_01", 0 ) [add fact]
0> DB_GLO_CharacterAnimation( "PlayAnim_No_01", "No_01", 0 ) [add fact]
0> DB_GLO_CharacterAnimation( "PlayAnim_No_02", "No_02", 0 ) [add fact]
0> DB_GLO_CharacterAnimation( "PlayAnim_No_03", "No_03", 0 ) [add fact]
0> DB_GLO_CharacterAnimation( "PlayAnim_No_04", "No_04", 0 ) [add fact]
0> DB_GLO_CharacterAnimation( "PlayAnim_No_05", "No_05", 0 ) [add fact]
0> DB_GLO_CharacterAnimation( "PlayAnim_No_06", "No_06", 0 ) [add fact]
0> DB_GLO_CharacterAnimation( "PlayAnim_Perform_01", "Perform_01", 0 ) [add fact]
0> DB_GLO_CharacterAnimation( "PlayAnim_Perform_02", "Perform_02", 0 ) [add fact]
0> DB_GLO_CharacterAnimation( "PlayAnim_Perform_03", "Perform_03", 0 ) [add fact]
0> DB_GLO_CharacterAnimation( "PlayAnim_Pickpocket_01", "Pickpocket_01", 0 ) [add fact]
0> DB_GLO_CharacterAnimation( "PlayAnim_Point_01", "Point_01", 0 ) [add fact]
0> DB_GLO_CharacterAnimation( "PlayAnim_Potion_Rub_01", "Potion_Rub_01", 0 ) [add fact]
0> DB_GLO_CharacterAnimation( "PlayAnim_Pray_01", "Pray_01", 0 ) [add fact]
0> DB_GLO_CharacterAnimation( "PlayAnim_Pst_01", "Pst_01", 0 ) [add fact]
0> DB_GLO_CharacterAnimation( "PlayAnim_Pst_02", "Pst_02", 0 ) [add fact]
0> DB_GLO_CharacterAnimation( "PlayAnim_Pst_03", "Pst_03", 0 ) [add fact]
0> DB_GLO_CharacterAnimation( "PlayAnim_Pst_04", "Pst_04", 0 ) [add fact]
0> DB_GLO_CharacterAnimation( "PlayAnim_Repair_01", "Repair_01", 0 ) [add fact]
0> DB_GLO_CharacterAnimation( "PlayAnim_Revolt_01", "Revolt_01", 0 ) [add fact]
0> DB_GLO_CharacterAnimation( "PlayAnim_Revolt_02", "Revolt_02", 0 ) [add fact]
0> DB_GLO_CharacterAnimation( "PlayAnim_Salute_01", "Salute_01", 0 ) [add fact]
0> DB_GLO_CharacterAnimation( "PlayAnim_Salute_02", "Salute_02", 0 ) [add fact]
0> DB_GLO_CharacterAnimation( "PlayAnim_Salute_03", "Salute_03", 0 ) [add fact]
0> DB_GLO_CharacterAnimation( "PlayAnim_Salute_04", "Salute_04", 0 ) [add fact]
0> DB_GLO_CharacterAnimation( "PlayAnim_Salute_05", "Salute_05", 0 ) [add fact]
0> DB_GLO_CharacterAnimation( "PlayAnim_Salute_06", "Salute_06", 0 ) [add fact]
0> DB_GLO_CharacterAnimation( "PlayAnim_Salute_07", "Salute_07", 0 ) [add fact]
0> DB_GLO_CharacterAnimation( "PlayAnim_Shout_01", "Shout_01", 0 ) [add fact]
0> DB_GLO_CharacterAnimation( "PlayAnim_Shrug_01", "Shrug_01", 0 ) [add fact]
0> DB_GLO_CharacterAnimation( "PlayAnim_Sigh_01", "Sigh_01", 0 ) [add fact]
0> DB_GLO_CharacterAnimation( "PlayAnim_Sooth_01", "Sooth_01", 0 ) [add fact]
0> DB_GLO_CharacterAnimation( "PlayAnim_Sow_02", "Sow_02", 0 ) [add fact]
0> DB_GLO_CharacterAnimation( "PlayAnim_Stand_Read_01", "Stand_Read_01", 0 ) [add fact]
0> DB_GLO_CharacterAnimation( "PlayAnim_Surprise_01", "Surprise_01", 0 ) [add fact]
0> DB_GLO_CharacterAnimation( "PlayAnim_Surprise_02", "Surprise_02", 0 ) [add fact]
0> DB_GLO_CharacterAnimation( "PlayAnim_Tapping_Beer_01", "Tapping_Beer_01", 0 ) [add fact]
0> DB_GLO_CharacterAnimation( "PlayAnim_Tapping_Beer_02", "Tapping_Beer_02", 0 ) [add fact]
0> DB_GLO_CharacterAnimation( "PlayAnim_Taunt_01", "Taunt_01", 0 ) [add fact]
0> DB_GLO_CharacterAnimation( "PlayAnim_Taunt_02", "Taunt_02", 0 ) [add fact]
0> DB_GLO_CharacterAnimation( "PlayAnim_Teleport_01", "Teleport_01", 0 ) [add fact]
0> DB_GLO_CharacterAnimation( "PlayAnim_Think_01", "Think_01", 0 ) [add fact]
0> DB_GLO_CharacterAnimation( "PlayAnim_Think_02", "Think_02", 0 ) [add fact]
0> DB_GLO_CharacterAnimation( "PlayAnim_Throw_Away_01", "Throw_Away_01", 0 ) [add fact]
0> DB_GLO_CharacterAnimation( "PlayAnim_Throw_Up_01", "Throw_Up_01", 0 ) [add fact]
0> DB_GLO_CharacterAnimation( "PlayAnim_Throw_Water_01", "Throw_Water_01", 0 ) [add fact]
0> DB_GLO_CharacterAnimation( "PlayAnim_Tired_01", "Tired_01", 0 ) [add fact]
0> DB_GLO_CharacterAnimation( "PlayAnim_Trader_01", "Trader_01", 0 ) [add fact]
0> DB_GLO_CharacterAnimation( "PlayAnim_Trader_02", "Trader_02", 0 ) [add fact]
0> DB_GLO_CharacterAnimation( "PlayAnim_Trader_03", "Trader_03", 0 ) [add fact]
0> DB_GLO_CharacterAnimation( "PlayAnim_Use_01", "Use_01", 0 ) [add fact]
0> DB_GLO_CharacterAnimation( "PlayAnim_Use_02", "Use_02", 0 ) [add fact]
0> DB_GLO_CharacterAnimation( "PlayAnim_Victory_01", "Victory_01", 0 ) [add fact]
0> DB_GLO_CharacterAnimation( "PlayAnim_Victory_02", "Victory_02", 0 ) [add fact]
0> DB_GLO_CharacterAnimation( "PlayAnim_Warm_Hands_01", "Warm_Hands_01", 0 ) [add fact]
0> DB_GLO_CharacterAnimation( "PlayAnim_Wave_01", "Wave_01", 0 ) [add fact]
0> DB_GLO_CharacterAnimation( "PlayAnim_Wave_02", "Wave_02", 0 ) [add fact]
0> DB_GLO_CharacterAnimation( "PlayAnim_Wave_03", "Wave_03", 0 ) [add fact]
0> DB_GLO_CharacterAnimation( "PlayAnim_WipeTable_01", "WipeTable_01", 0 ) [add fact]
0> DB_GLO_CharacterAnimation( "PlayAnim_Worship_01", "Worship_01", 0 ) [add fact]
0> DB_GLO_CharacterAnimation( "PlayAnim_Yawn_01", "Yawn_01", 0 ) [add fact]
0> DB_GLO_CharacterAnimation( "PlayAnim_Yes_01", "Yes_01", 0 ) [add fact]
0> DB_GLO_CharacterAnimation( "PlayAnim_Yes_02", "Yes_02", 0 ) [add fact]
0> DB_GLO_CharacterAnimation( "PlayAnim_Yes_03", "Yes_03", 0 ) [add fact]
0> DB_GLO_CharacterAnimation( "PlayAnim_Yes_04", "Yes_04", 0 ) [add fact]
0> DB_GLO_CharacterAnimation( "PlayAnim_Yes_05", "Yes_05", 0 ) [add fact]
0> DB_GLO_CharacterAnimation( "PlayAnim_Sit_Angry_01", "Sit_Angry_01", 0 ) [add fact]
0> DB_GLO_CharacterAnimation( "PlayAnim_Sit_Annoyed_01", "Sit_Annoyed_01", 0 ) [add fact]
0> DB_GLO_CharacterAnimation( "PlayAnim_Sit_Bored_01", "Sit_Bored_01", 0 ) [add fact]
0> DB_GLO_CharacterAnimation( "PlayAnim_Sit_Bored_02", "Sit_Bored_02", 0 ) [add fact]
0> DB_GLO_CharacterAnimation( "PlayAnim_Sit_Chuckle_01", "Sit_Chuckle_01", 0 ) [add fact]
0> DB_GLO_CharacterAnimation( "PlayAnim_Sit_Drink_01", "Sit_Drink_01", 0 ) [add fact]
0> DB_GLO_CharacterAnimation( "PlayAnim_Sit_Laugh_01", "Sit_Laugh_01", 0 ) [add fact]
0> DB_GLO_CharacterAnimation( "PlayAnim_Sit_Laugh_02", "Sit_Laugh_02", 0 ) [add fact]
0> DB_GLO_CharacterAnimation( "PlayAnim_Sit_Look_Left_01", "Sit_Look_Left_01", 0 ) [add fact]
0> DB_GLO_CharacterAnimation( "PlayAnim_Sit_Look_Right_01", "Sit_Look_Right_01", 0 ) [add fact]
0> DB_GLO_CharacterAnimation( "PlayAnim_Sit_No_01", "Sit_No_01", 0 ) [add fact]
0> DB_GLO_CharacterAnimation( "PlayAnim_Sit_No_02", "Sit_No_02", 0 ) [add fact]
0> DB_GLO_CharacterAnimation( "PlayAnim_Sit_Praise_01", "Sit_Praise_01", 0 ) [add fact]
0> DB_GLO_CharacterAnimation( "PlayAnim_Sit_Pray_01", "Sit_Pray_01", 0 ) [add fact]
0> DB_GLO_CharacterAnimation( "PlayAnim_Sit_Read_01", "Sit_Read_01", 0 ) [add fact]
0> DB_GLO_CharacterAnimation( "PlayAnim_Sit_Reject_01", "Sit_Reject_01", 0 ) [add fact]
0> DB_GLO_CharacterAnimation( "PlayAnim_Sit_Salute_01", "Sit_Salute_01", 0 ) [add fact]
0> DB_GLO_CharacterAnimation( "PlayAnim_Sit_Sigh_01", "Sit_Sigh_01", 0 ) [add fact]
0> DB_GLO_CharacterAnimation( "PlayAnim_Sit_Surprise_01", "Sit_Surprise_01", 0 ) [add fact]
0> DB_GLO_CharacterAnimation( "PlayAnim_Sit_Tired_01", "Sit_Tired_01", 0 ) [add fact]
0> DB_GLO_CharacterAnimation( "PlayAnim_Sit_Yes_01", "Sit_Yes_01", 0 ) [add fact]
0> DB_GLO_CharacterAnimation( "PlayAnim_Loop_BarStand_01_Loop", "BarStand_01_Loop", 1 ) [add fact]
0> DB_GLO_CharacterAnimation( "PlayAnim_Loop_Lie_Relax_01_Loop", "Lie_Relax_01_Loop", 1 ) [add fact]
0> DB_GLO_CharacterAnimation( "PlayAnim_Loop_Lie_Suffer_01_Loop", "Lie_Suffer_01_Loop", 1 ) [add fact]
0> DB_GLO_CharacterAnimation( "PlayAnim_Loop_Lie_Suffer_02_Loop", "Lie_Suffer_02_Loop", 1 ) [add fact]
0> DB_GLO_CharacterAnimation( "PlayAnim_Loop_Lie_Suffer_03_Loop", "Lie_Suffer_03_Loop", 1 ) [add fact]
0> DB_GLO_CharacterAnimation( "PlayAnim_Loop_Chained_01_Loop", "Chained_01_Loop", 1 ) [add fact]
0> DB_GLO_CharacterAnimation( "PlayAnim_Loop_Cower_03_Loop", "Cower_03_Loop", 1 ) [add fact]
0> DB_GLO_CharacterAnimation( "PlayAnim_Loop_Crucified_01_Loop", "Crucified_01_Loop", 1 ) [add fact]
0> DB_GLO_CharacterAnimation( "PlayAnim_Loop_Dig_01_Loop", "Dig_01_Loop", 1 ) [add fact]
0> DB_GLO_CharacterAnimation( "PlayAnim_Loop_Lie_Dead_01_Loop", "Lie_Dead_01_Loop", 1 ) [add fact]
0> DB_GLO_CharacterAnimation( "PlayAnim_Loop_Lie_Relax_02_Loop", "Lie_Relax_02_Loop", 1 ) [add fact]
0> DB_GLO_CharacterAnimation( "PlayAnim_Loop_Lie_Wounded_01_Loop", "Lie_Wounded_01_Loop", 1 ) [add fact]
0> DB_GLO_CharacterAnimation( "PlayAnim_Loop_Lie_Wounded_02_Loop", "Lie_Wounded_02_Loop", 1 ) [add fact]
0> DB_GLO_CharacterAnimation( "PlayAnim_Loop_Lie_Wounded_03_Loop", "Lie_Wounded_03_Loop", 1 ) [add fact]
0> DB_GLO_CharacterAnimation( "PlayAnim_Loop_Guard_01_Loop", "Guard_01_Loop", 1 ) [add fact]
0> DB_GLO_CharacterAnimation( "PlayAnim_Loop_Hung_01_Loop", "Hung_01_Loop", 1 ) [add fact]
0> DB_GLO_CharacterAnimation( "PlayAnim_Loop_Hung_02_Loop", "Hung_02_Loop", 1 ) [add fact]
0> DB_GLO_CharacterAnimation( "PlayAnim_Loop_Hung_03_Loop", "Hung_03_Loop", 1 ) [add fact]
0> DB_GLO_CharacterAnimation( "PlayAnim_Loop_Injured_01_Loop", "Injured_01_Loop", 1 ) [add fact]
0> DB_GLO_CharacterAnimation( "PlayAnim_Loop_Insane_01_Loop", "Insane_01_Loop", 1 ) [add fact]
0> DB_GLO_CharacterAnimation( "PlayAnim_Loop_Kneel_01_Loop", "Kneel_01_Loop", 1 ) [add fact]
0> DB_GLO_CharacterAnimation( "PlayAnim_Loop_Lie_Tied_Up_01_Loop", "Lie_Tied_Up_01_Loop", 1 ) [add fact]
0> DB_GLO_CharacterAnimation( "PlayAnim_Loop_Lie_Tied_Up_01_End", "Lie_Tied_Up_01_End", 1 ) [add fact]
0> DB_GLO_CharacterAnimation( "PlayAnim_Loop_Rake_01_Loop", "Rake_01_Loop", 1 ) [add fact]
0> DB_GLO_CharacterAnimation( "PlayAnim_Loop_Sing_01_Loop", "Sing_01_Loop", 1 ) [add fact]
0> DB_GLO_CharacterAnimation( "PlayAnim_Loop_Sad_01_Loop", "Sad_01_Loop", 1 ) [add fact]
0> DB_GLO_CharacterAnimation( "PlayAnim_Loop_Search_Book_01_Loop", "Search_Book_01_Loop", 1 ) [add fact]
0> DB_GLO_CharacterAnimation( "PlayAnim_Loop_Sit_Sick_01_Loop", "Sit_Sick_01_Loop", 1 ) [add fact]
0> DB_GLO_CharacterAnimation( "PlayAnim_Loop_Sit_Sleep_01_Loop", "Sit_Sleep_01_Loop", 1 ) [add fact]
0> DB_GLO_CharacterAnimation( "PlayAnim_Loop_Sit_Sleep_02_Loop", "Sit_Sleep_02_Loop", 1 ) [add fact]
0> DB_GLO_CharacterAnimation( "PlayAnim_Loop_Sit_Write_01_Loop", "Sit_Write_01_Loop", 1 ) [add fact]
0> DB_GLO_CharacterAnimation( "PlayAnim_Loop_Sow_01_Loop", "Sow_01_Loop", 1 ) [add fact]
0> DB_GLO_CharacterAnimation( "PlayAnim_Loop_Stand_Drink_01_Loop", "Stand_Drink_01_Loop", 1 ) [add fact]
0> DB_GLO_CharacterAnimation( "PlayAnim_Loop_Stand_Drink_02_Loop", "Stand_Drink_02_Loop", 1 ) [add fact]
0> DB_GLO_CharacterAnimation( "PlayAnim_Loop_Stand_Read_01_Loop", "Stand_Read_01_Loop", 1 ) [add fact]
0> DB_GLO_CharacterAnimation( "PlayAnim_Loop_Stare_01_Loop", "Stare_01_Loop", 1 ) [add fact]
0> DB_GLO_CharacterAnimation( "PlayAnim_Loop_Tied_Up_01_Loop", "Tied_Up_01_Loop", 1 ) [add fact]
0> DB_GLO_CharacterAnimation( "PlayAnim_Loop_Training_2HS_01_Loop", "Training_2HS_01_Loop", 1 ) [add fact]
0> DB_GLO_CharacterAnimation( "PlayAnim_Loop_Training_Bow_01_Loop", "Training_Bow_01_Loop", 1 ) [add fact]
0> DB_GLO_CharacterAnimation( "PlayAnim_skill_cast_throw_arc_02_cast", "skill_cast_throw_arc_02_cast" ) [add fact]

exec INIT section of goal _Global_Counter (#33):

exec INIT section of goal _GLOBAL_Effects (#34):
0> PROC_CleanUpEffects(  ) [Osiris procedure call]

0> RuleActionPart of THEN at line 13485 fires. Rule variables: 
1--> PROC_CleanUpLoopEffects(  ) [Osiris procedure call]
1--> PROC_CleanUpLoopBeamEffects(  ) [Osiris procedure call]
0> [end of rule action part]


exec INIT section of goal _Global_Homestead (#35):

exec INIT section of goal _GLOBAL_ItemEvents (#36):
0> DB_TaggedItemInitialSetup( 1 ) [add fact]

0> RuleActionPart of THEN at line 14352 fires. Rule variables: 
1--> DB_TaggedItemRecheck( 1 ) [add fact]
0> [end of rule action part]

0> DB_TaggedItemTracker( "HEALING_POTION" ) [add fact]
0> DB_TaggedItemTracker( "BODYPART" ) [add fact]
0> DB_TaggedItemTracker( "MEAT" ) [add fact]
0> DB_TaggedItemTracker( "FISH" ) [add fact]
0> DB_TaggedItemTracker( "BOOK" ) [add fact]
0> DB_TaggedItemTracker( "QUEST_ANCESTOR_TREE_BRANCH" ) [add fact]
0> DB_TaggedItemTracker( "FOOD" ) [add fact]
0> DB_TaggedItemTracker( "BONE" ) [add fact]
0> DB_TaggedItemTracker( "TOY" ) [add fact]
0> DB_TaggedItemTracker( "ALCOHOL" ) [add fact]
0> DB_TaggedItemTracker( "CHEESE" ) [add fact]
0> DB_TaggedItemTracker( "VEGETABLE" ) [add fact]
0> DB_TaggedItemTracker( "DRUDANAE" ) [add fact]
0> DB_TaggedItemInitialSetup( 1 ) [delete fact]

0> RuleActionPart of THEN at line 14359 fires. Rule variables: 
1--> DB_TaggedItemRecheck( 1 ) [delete fact]
1--> ProcCheckItemTags(  ) [Osiris procedure call]
0> [end of rule action part]

*** Multiple match ***
*** Left node:  (node 4313): (LeftParent: 4295, RightParent: 4300) AND NOT node.
*** Right node: (node 4295): DB_TaggedItemTracker( (STRING)_ ).
*** 13 tuples satisfy select desc: .
*** Multiple match End lists right node's database: ***

DBase contents of DB_TaggedItemTracker( (STRING)_ )
--------------------------------------------------
"HEALING_POTION"
"BODYPART"
"MEAT"
"FISH"
"BOOK"
"QUEST_ANCESTOR_TREE_BRANCH"
"FOOD"
"BONE"
"TOY"
"ALCOHOL"
"CHEESE"
"VEGETABLE"
"DRUDANAE"

*** Match 1: (var 0 = "HEALING_POTION")

0> RuleActionPart of THEN at line 14389 fires. Rule variables: (STRING)"HEALING_POTION"
1--> ProcCheckInventoriesForTag( (STRING)"HEALING_POTION" ) [Osiris procedure call]
0> [end of rule action part]

*** Match 2: (var 0 = "BODYPART")
0> DB_ItemEvents_TransferFlagToMoneyVarIndex( "GEN_TransferNPCPayment", 1 ) [add fact]
0> DB_ItemEvents_TransferFlagToMoneyVarIndex( "GEN_TransferNPCPayment_2", 2 ) [add fact]
0> DB_ItemEvents_TransferFlagToMoneyVarIndex( "GEN_TransferNPCPayment_3", 3 ) [add fact]
0> DB_ItemEvents_TransferFlagToMoneyVarIndex( "GEN_TransferNPCPayment_4", 4 ) [add fact]
0> DB_ItemEvents_TransferFlagToMoneyVarIndex( "GEN_TransferNPCPayment_5", 5 ) [add fact]

exec INIT section of goal _Global_JournalHelper (#37):

exec INIT section of goal _Global_Procedure (#38):

exec INIT section of goal _Global_RunUpAndChat (#39):

exec INIT section of goal _Global_SavegamePatching (#40):

exec INIT section of goal _GLOBAL_TutorialMessages (#43):
0> DB_ItemOpened( 0 ) [add fact]
0> DB_TutorialInfo( "TUT_Book", "TUT_CAT_Inventory", "TUT_Book_Title", 0, 0, -1, 1, 3, 0 ) [add fact]
0> DB_TutorialInfo( "TUT_Camera", "TUT_CAT_Exploring", "TUT_Camera_Title", 0, 0, 6000, 1, 2, 0 ) [add fact]
0> DB_TutorialInfo( "TUT_Combat", "TUT_CAT_Combat", "TUT_Combat_Title", 0, 0, -1, 1, 0, 0 ) [add fact]
0> DB_TutorialInfo( "TUT_Combat_Examine", "TUT_CAT_Combat", "TUT_Combat_Examine_Title", 0, 0, 20000, 2, 0, 0 ) [add fact]
0> DB_TutorialInfo( "TUT_Combat_Guard", "TUT_CAT_Combat", "TUT_Combat_Guard_Title", 0, 2, -1, 2, 0, 0 ) [add fact]
0> DB_TutorialInfo( "TUT_Combat_TacticalView", "TUT_CAT_Combat", "TUT_Combat_TacticalView_Title", 0, 0, 20000, 2, 0, 0 ) [add fact]
0> DB_TutorialInfo( "TUT_Combat_TargetCycle", "TUT_CAT_Combat", "TUT_Combat_TargetCycle_Controller_Title", 2, 0, -1, 1, 0, 0 ) [add fact]
0> DB_TutorialInfo( "TUT_Combat_TurnOrder", "TUT_CAT_Combat", "TUT_Combat_TurnOrder_Title", 0, 3, -1, 1, 0, 0 ) [add fact]
0> DB_TutorialInfo( "TUT_Died", "TUT_CAT_Combat", "TUT_Died_Title", 0, 0, -1, 1, 0, 0 ) [add fact]
0> DB_TutorialInfo( "TUT_Disarm", "TUT_CAT_Exploring", "TUT_Disarm_Title", 0, 0, -1, 3, 0, 0 ) [add fact]
0> DB_TutorialInfo( "TUT_DragIcon", "TUT_CAT_Exploring", "TUT_DragIcon_Title", 1, 0, -1, 1, 0, 0 ) [add fact]
0> DB_TutorialInfo( "TUT_Equipment", "TUT_CAT_Inventory", "TUT_Equipment_Title", 0, 0, 20000, 1, 2, 0 ) [add fact]
0> DB_TutorialInfo( "TUT_Flee", "TUT_CAT_Combat", "TUT_Flee_Title", 0, 0, -1, 3, 4, 0 ) [add fact]
0> DB_TutorialInfo( "TUT_GasPit", "TUT_CAT_Exploring", "TUT_GasPit_Title", 0, 1, -1, 3, 0, 0 ) [add fact]
0> DB_TutorialInfo( "TUT_GenericBehaviors", "TUT_CAT_Exploring", "TUT_GenericBehaviors_Title", 0, 0, -1, 3, 0, 0 ) [add fact]
0> DB_TutorialInfo( "TUT_Hammer", "TUT_CAT_Inventory", "TUT_Hammer_Title", 0, 0, -1, 1, 0, 0 ) [add fact]
0> DB_TutorialInfo( "TUT_HotbarAssignment", "TUT_CAT_Inventory", "TUT_HotbarAssignment_Title", 0, 0, 15000, 2, 6, 0 ) [add fact]
0> DB_TutorialInfo( "TUT_IdentifyingGlass", "TUT_CAT_Inventory", "TUT_IdentifyingGlass_Title", 0, 0, -1, 1, 0, 0 ) [add fact]
0> DB_TutorialInfo( "TUT_Inventory", "TUT_CAT_Inventory", "TUT_Inventory_Title", 0, 2, 20000, 1, 2, 0 ) [add fact]
0> DB_TutorialInfo( "TUT_LevelUp", "TUT_CAT_Inventory", "TUT_LevelUp_Title", 0, 2, 20000, 2, 3, 0 ) [add fact]
0> DB_TutorialInfo( "TUT_Locked", "TUT_CAT_Exploring", "TUT_Locked_Title", 0, 0, -1, 3, 0, 0 ) [add fact]
0> DB_TutorialInfo( "TUT_WoodenDoor", "TUT_CAT_Exploring", "TUT_WoodenDoor_Title", 0, 0, -1, 3, 0, 0 ) [add fact]
0> DB_TutorialInfo( "TUT_Lockpick", "TUT_CAT_Inventory", "TUT_Lockpick_Title", 0, 0, -1, 1, 0, 0 ) [add fact]
0> DB_TutorialInfo( "TUT_Mound", "TUT_CAT_Exploring", "TUT_Mound_Title", 0, 0, -1, 3, 0, 0 ) [add fact]
0> DB_TutorialInfo( "TUT_Movement", "TUT_CAT_Exploring", "TUT_Movement_Title", 0, 0, 6000, 1, 0, 0 ) [add fact]
0> DB_TutorialInfo( "TUT_NoPetPal", "TUT_CAT_Social", "TUT_PetPal_Title", 0, 0, -1, 2, 0, 0 ) [add fact]
0> DB_TutorialInfo( "TUT_Perception", "TUT_CAT_Inventory", "TUT_Perception_Title", 0, 0, -1, 1, 0, 0 ) [add fact]
0> DB_TutorialInfo( "TUT_PetPal", "TUT_CAT_Social", "TUT_PetPal_Title", 0, 0, -1, 2, 0, 0 ) [add fact]
0> DB_TutorialInfo( "TUT_Potion", "TUT_CAT_Combat", "TUT_Potion_Title", 0, 1, -1, 2, 0, 0 ) [add fact]
0> DB_TutorialInfo( "TUT_Pyramid", "TUT_CAT_Exploring", "TUT_Pyramid_Title", 0, 0, -1, 1, 0, 0 ) [add fact]
0> DB_TutorialInfo( "TUT_Pyramid_2", "TUT_CAT_Exploring", "TUT_Pyramid_2_Title", 0, 0, -1, 1, 0, 0 ) [add fact]
0> DB_TutorialInfo( "TUT_PyramidsPickup", "TUT_CAT_Exploring", "TUT_PyramidsPickup_Title", 0, 0, -1, 1, 0, 0 ) [add fact]
0> DB_TutorialInfo( "TUT_ReflectionDialog", "TUT_CAT_Social", "TUT_ReflectionDialog_Title", 0, 0, -1, 1, 0, 0 ) [add fact]
0> DB_TutorialInfo( "TUT_SaveLoad", "TUT_CAT_General", "TUT_SaveLoad_Title", 0, 0, -1, 1, 0, 0 ) [add fact]
0> DB_TutorialInfo( "TUT_Scroll", "TUT_CAT_Combat", "TUT_Scroll_Title", 0, 0, -1, 2, 2, 0 ) [add fact]
0> DB_TutorialInfo( "TUT_Shovel", "TUT_CAT_Exploring", "TUT_Shovel_Title", 0, 0, -1, 2, 0, 0 ) [add fact]
0> DB_TutorialInfo( "TUT_Skill", "TUT_CAT_Inventory", "TUT_Skill_Title", 0, 0, -1, 2, 2, 0 ) [add fact]
0> DB_TutorialInfo( "TUT_SkillUnlock", "TUT_CAT_Combat", "TUT_SkillUnlock_Title", 0, 0, -1, 2, 0, 0 ) [add fact]
0> DB_TutorialInfo( "TUT_Stealing", "TUT_CAT_Exploring", "TUT_Stealing_Title", 0, 0, -1, 3, 0, 0 ) [add fact]
0> DB_TutorialInfo( "TUT_Waypoint", "TUT_CAT_Exploring", "TUT_Waypoint_Title", 0, 0, -1, 2, 0, 0 ) [add fact]
0> DB_TutorialInfo( "TUT_BondedAvatar", "TUT_CAT_Social", "TUT_BondedAvatar_Title", 0, 0, -1, 1, 16, 0 ) [add fact]
0> DB_TutorialInfo( "TUT_HotbarLocked", "TUT_CAT_Combat", "TUT_HotbarLocked_Title", 0, 3, -1, 1, 0, 10 ) [add fact]
0> DB_TutorialInfo( "TUT_Tooltips", "TUT_CAT_Exploring", "TUT_Tooltips_Title", 1, 0, -1, 2, 0, 0 ) [add fact]
0> DB_TutorialInfo( "TUT_Tooltips_Controller", "TUT_CAT_Exploring", "TUT_Tooltips_Title", 2, 0, -1, 2, 0, 0 ) [add fact]
0> DB_TutorialInfo( "TUT_TagVillain", "TUT_CAT_Social", "TUT_TagVillain_Title", 0, 0, -1, 2, 0, 0 ) [add fact]
0> DB_TutorialInfo( "TUT_TagHero", "TUT_CAT_Social", "TUT_TagHero_Title", 0, 0, -1, 2, 0, 0 ) [add fact]
0> DB_TutorialInfo( "TUT_Waypoint", "TUT_CAT_Exploring", "TUT_Waypoint_Title", 0, 2, 3, 1, 0, 0 ) [add fact]

exec INIT section of goal _GLOBAL_TutorialMessages_MovementDetection (#44):

exec INIT section of goal _Greevers_Little_Helpers (#45):
0> DB_Singleton( "InitData", 0 ) [add fact]
0> DB_GLO_AttributeCheck_Var( 1, "Name", "Attribute_Check_1_Name_080aa25a-eb82-4060-a20f-93f3f0a3ec85" ) [add fact]
0> DB_GLO_AttributeCheck_Var( 1, "Difficulty", "Attribute_Check_1_Difficulty_6645b5b8-4c17-4678-98b2-d5d718c36829" ) [add fact]
0> DB_GLO_AttributeCheck_Var( 1, "LevelOverride", "Attribute_Check_1_LevelOverride_08b97107-2d16-4ff5-a2e5-a01ed50e7135" ) [add fact]
0> DB_GLO_AttributeCheck_Var( 1, "Source", "Attribute_Check_1_Source_dd323f37-f472-4a67-9a44-5ca9f15646bb" ) [add fact]
0> DB_GLO_AttributeCheck_Var( 1, "Target", "Attribute_Check_1_Target_c46387f7-f39b-46c5-b6ec-baeccc34291a" ) [add fact]
0> DB_GLO_AttributeCheck_Var( 2, "Difficulty", "Attribute_Check_2_Difficulty_eab60140-a9e3-4579-b5fa-3cb5515c2282" ) [add fact]
0> DB_GLO_AttributeCheck_Var( 2, "LevelOverride", "Attribute_Check_2_LevelOverride_1dc16030-ece6-4677-ae14-62e7e9d1ac0e" ) [add fact]
0> DB_GLO_AttributeCheck_Var( 2, "Name", "Attribute_Check_2_Name_151dfe0f-6575-4ce2-bedc-6f157abdb36e" ) [add fact]
0> DB_GLO_AttributeCheck_Var( 2, "Source", "Attribute_Check_2_Source_c40af148-2c37-444b-a462-4387a4c6cede" ) [add fact]
0> DB_GLO_AttributeCheck_Var( 2, "Target", "Attribute_Check_2_Target_b8df81e7-d122-452b-bfaa-f9bbe87fd387" ) [add fact]
0> DB_GLO_AttributeCheck_Var( 3, "Difficulty", "Attribute_Check_3_Difficulty_ff545cea-32e3-4a9a-b005-f3a6e0f0cabd" ) [add fact]
0> DB_GLO_AttributeCheck_Var( 3, "LevelOverride", "Attribute_Check_3_LevelOverride_6e3f0bc5-636f-48ad-ad0a-642c3146302b" ) [add fact]
0> DB_GLO_AttributeCheck_Var( 3, "Name", "Attribute_Check_3_Name_8281a807-0ae5-4ada-8dc5-3b859310c1f5" ) [add fact]
0> DB_GLO_AttributeCheck_Var( 3, "Source", "Attribute_Check_3_Source_32f31478-7329-4902-bb66-a9043819102c" ) [add fact]
0> DB_GLO_AttributeCheck_Var( 3, "Target", "Attribute_Check_3_Target_65312317-50da-4cce-a6e9-725a85e7fd46" ) [add fact]

exec INIT section of goal _InitGoal (#46):

exec INIT section of goal _NPC_Stats (#49):

exec INIT section of goal _PlayerAlignments (#51):

exec INIT section of goal _Story Npcs (#56):

exec INIT section of goal _Trade (#57):
0> DB_DoubleAttitudePrice( 1, 2 ) [add fact]
0> DB_DoubleAttitudePrice( 2, 2 ) [add fact]
0> DB_DoubleAttitudePrice( 3, 3 ) [add fact]
0> DB_DoubleAttitudePrice( 4, 3 ) [add fact]
0> DB_DoubleAttitudePrice( 5, 4 ) [add fact]
0> DB_DoubleAttitudePrice( 6, 5 ) [add fact]
0> DB_DoubleAttitudePrice( 7, 6 ) [add fact]
0> DB_DoubleAttitudePrice( 8, 7 ) [add fact]
0> DB_DoubleAttitudePrice( 9, 12 ) [add fact]
0> DB_DoubleAttitudePrice( 10, 15 ) [add fact]
0> DB_DoubleAttitudePrice( 11, 20 ) [add fact]
0> DB_DoubleAttitudePrice( 12, 25 ) [add fact]
0> DB_DoubleAttitudePrice( 13, 30 ) [add fact]
0> DB_DoubleAttitudePrice( 14, 35 ) [add fact]
0> DB_DoubleAttitudePrice( 15, 40 ) [add fact]
0> DB_DoubleAttitudePrice( 16, 60 ) [add fact]
0> DB_DoubleAttitudePrice( 17, 65 ) [add fact]
0> DB_DoubleAttitudePrice( 18, 75 ) [add fact]
0> DB_DoubleAttitudePrice( 19, 85 ) [add fact]
0> DB_DoubleAttitudePrice( 20, 95 ) [add fact]
0> DB_DoubleAttitudePriceOverTwenty( 100 ) [add fact]

exec INIT section of goal _TrapReactions (#58):
0> DB_Event2DisplayText( "HiddenPerceptionReveal", "GEN_AD_HiddenPerceptionReveal" ) [add fact]
0> DB_Event2DisplayText( "HiddenTrapReveal", "GEN_AD_HiddenTrapReveal" ) [add fact]
0> DB_Event2DisplayText( "FakePerceptionReveal", "GEN_AD_FakePerceptionReveal" ) [add fact]
0> DB_Event2DisplayText( "AmbushReveal", "GLO_AD_AmbushDetected" ) [add fact]

exec INIT section of goal Debug_Item (#191):
0> DB_JobTag( "BARBARIAN" ) [add fact]
0> DB_JobTag( "JESTER" ) [add fact]
0> DB_JobTag( "MYSTIC" ) [add fact]
0> DB_JobTag( "NOBLE" ) [add fact]
0> DB_JobTag( "OUTLAW" ) [add fact]
0> DB_JobTag( "SOLDIER" ) [add fact]
0> DB_JobTag( "SCHOLAR" ) [add fact]
0> DB_JobTag( "HERO" ) [add fact]
0> DB_JobTag( "VILLAIN" ) [add fact]
0> DB_OriginTag( "IFAN" ) [add fact]
0> DB_OriginTag( "RED PRINCE" ) [add fact]
0> DB_OriginTag( "SEBILLE" ) [add fact]
0> DB_OriginTag( "BEAST" ) [add fact]
0> DB_OriginTag( "FANE" ) [add fact]
0> DB_OriginTag( "LOHSE" ) [add fact]
0> DB_OriginTag( "GENERIC" ) [add fact]
0> DB_RaceTag( "HUMAN" ) [add fact]
0> DB_RaceTag( "DWARF" ) [add fact]
0> DB_RaceTag( "ELF" ) [add fact]
0> DB_RaceTag( "LIZARD" ) [add fact]
0> DB_RaceTag( "UNDEAD" ) [add fact]
0> DB_RaceTag( "MALE" ) [add fact]
0> DB_RaceTag( "FEMALE" ) [add fact]
0> DB_StoryTag( "KILLER" ) [add fact]
0> DB_StoryTag( "SAMARITAN" ) [add fact]
0> DB_StoryTag( "SAVIOUR" ) [add fact]
0> DB_StoryTag( "THIEF" ) [add fact]
0> DB_StoryTag( "TRAITOR" ) [add fact]
0> DB_StoryTag( "TRUSTWORTHY" ) [add fact]
0> DB_StoryTag( "ELF-FRIEND" ) [add fact]
0> DB_StoryTag( "DWARF-FRIEND" ) [add fact]
0> DB_StoryTag( "HUMAN-FRIEND" ) [add fact]
0> DB_StoryTag( "LIZARD-FRIEND" ) [add fact]
0> DB_StoryTag( "UNDEAD-FRIEND" ) [add fact]
0> DB_OriginTagFlag( "Debug_AddIfanTags", "Ifan" ) [add fact]
0> DB_OriginTagFlag( "Debug_AddBeastTags", "Beast" ) [add fact]
0> DB_OriginTagFlag( "Debug_AddSebilleTags", "Sebille" ) [add fact]
0> DB_OriginTagFlag( "Debug_AddLohseTags", "Lohse" ) [add fact]
0> DB_OriginTagFlag( "Debug_AddPrinceTags", "Prince" ) [add fact]
0> DB_OriginTagGroup( "Ifan", "IFAN" ) [add fact]
0> DB_OriginTagGroup( "Ifan", "NOBLE" ) [add fact]
0> DB_OriginTagGroup( "Ifan", "OUTLAW" ) [add fact]
0> DB_OriginTagGroup( "Ifan", "MALE" ) [add fact]
0> DB_OriginTagGroup( "Beast", "BEAST" ) [add fact]
0> DB_OriginTagGroup( "Beast", "BARBARIAN" ) [add fact]
0> DB_OriginTagGroup( "Beast", "VILLAIN" ) [add fact]
0> DB_OriginTagGroup( "Beast", "MALE" ) [add fact]
0> DB_OriginTagGroup( "Sebille", "SEBILLE" ) [add fact]
0> DB_OriginTagGroup( "Sebille", "OUTLAW" ) [add fact]
0> DB_OriginTagGroup( "Sebille", "FEMALE" ) [add fact]
0> DB_OriginTagGroup( "Lohse", "LOHSE" ) [add fact]
0> DB_OriginTagGroup( "Lohse", "JESTER" ) [add fact]
0> DB_OriginTagGroup( "Lohse", "MYSTIC" ) [add fact]
0> DB_OriginTagGroup( "Lohse", "FEMALE" ) [add fact]
0> DB_OriginTagGroup( "Prince", "RED PRINCE" ) [add fact]
0> DB_OriginTagGroup( "Prince", "NOBLE" ) [add fact]
0> DB_OriginTagGroup( "Prince", "SOLDIER" ) [add fact]
0> DB_OriginTagGroup( "Prince", "MALE" ) [add fact]
0> DB_DEBUG_TUT_StartTrigger( StartPoint_002__000_c195287d-e87d-8982-2ff6-2b159d38a966 ) [add fact]
0> DB_DEBUG_TUT_StartTrigger( StartPoint_000__000_fe2995bf-aa16-8ce7-33a2-8cb8cf228152 ) [add fact]
0> DB_DEBUG_TUT_StartTrigger( StartPoint_003__000_b97d317e-fb2b-815f-34d8-74786df2cdae ) [add fact]
0> DB_DEBUG_TUT_StartTrigger( StartPoint_001__000_06873976-bf3c-8249-2074-1733c88957ff ) [add fact]
0> DB_DEBUG_LV_SubjugationFlags( 0, "GLO_ShipFreed" ) [add fact]
0> DB_DEBUG_LV_SubjugationFlags( 1, "GLO_ShipSubjugated" ) [add fact]

exec INIT section of goal DOS2ModWrapper (#194):

exec INIT section of goal DOS2Patch6NewGameWrapper (#195):

exec INIT section of goal GLO_BidirShovelTunnel (#273):

exec INIT section of goal GLO_Resting (#313):
0> DB_RestTemplates( "FUR_Humans_Camping_Sleepingbag_B_4d7216c9-c21e-4ab0-b98e-97d744798912", "STORY_PartyRest", 10.0, 17.0 ) [add fact]

exec INIT section of goal GLO_Shriekers (#318):

exec INIT section of goal NoMoreSourceChores (#349):
0> NMSC_Start_Internal_CompleteIfStarted(  ) [Osiris procedure call]

exec INIT section of goal QRY_Characters (#351):

exec INIT section of goal ZZZ_LastGoal (#552):
